TN:
SF:script/DeployDSC.s.sol
DA:13,15
FN:13,DeployDSC.run
FNDA:15,DeployDSC.run
DA:17,15
DA:19,15
DA:25,15
DA:26,15
DA:27,15
DA:29,15
DA:30,15
DA:31,15
DA:36,15
DA:37,15
DA:38,15
FNF:1
FNH:1
LF:12
LH:12
BRF:0
BRH:0
end_of_record
TN:
SF:script/HelperConfig.s.sol
DA:26,15
FN:26,HelperConfig.constructor
FNDA:15,HelperConfig.constructor
DA:27,15
BRDA:27,0,0,-
BRDA:27,0,1,15
DA:28,0
DA:30,15
DA:34,0
FN:34,HelperConfig.getSepoliaEthConfig
FNDA:0,HelperConfig.getSepoliaEthConfig
DA:35,0
DA:45,15
FN:45,HelperConfig.getOrCreateAnvilEthConfig
FNDA:15,HelperConfig.getOrCreateAnvilEthConfig
DA:46,15
BRDA:46,1,0,-
DA:47,0
DA:50,15
DA:51,15
DA:55,15
DA:57,15
DA:61,15
DA:62,15
DA:64,15
FNF:3
FNH:2
LF:16
LH:12
BRF:3
BRH:1
end_of_record
TN:
SF:src/DSCEngine.sol
DA:99,0
FN:99,DSCEngine.moreThanZero
FNDA:0,DSCEngine.moreThanZero
DA:100,0
BRDA:100,0,0,-
DA:101,0
DA:105,12
FN:105,DSCEngine.isAllowedToken
FNDA:12,DSCEngine.isAllowedToken
DA:106,12
BRDA:106,1,0,1
DA:107,1
DA:115,16
FN:115,DSCEngine.constructor
FNDA:16,DSCEngine.constructor
DA:121,16
BRDA:121,2,0,1
DA:122,1
DA:125,15
DA:126,30
DA:127,30
DA:129,15
DA:141,0
FN:141,DSCEngine.depositCollateralAndMintDsc
FNDA:0,DSCEngine.depositCollateralAndMintDsc
DA:146,0
DA:147,0
DA:155,13
FN:155,DSCEngine.depositCollateral
FNDA:13,DSCEngine.depositCollateral
DA:164,11
DA:167,11
DA:172,11
DA:177,11
BRDA:177,3,0,-
DA:178,0
DA:188,0
FN:188,DSCEngine.reedemCollateralForDsc
FNDA:0,DSCEngine.reedemCollateralForDsc
DA:193,0
DA:194,0
DA:202,2
FN:202,DSCEngine.redemCollateral
FNDA:2,DSCEngine.redemCollateral
DA:206,1
DA:212,1
DA:220,4
FN:220,DSCEngine.mintDsc
FNDA:4,DSCEngine.mintDsc
DA:223,4
DA:225,4
DA:226,3
DA:227,3
BRDA:227,4,0,-
DA:228,0
DA:233,2
FN:233,DSCEngine.burnDsc
FNDA:2,DSCEngine.burnDsc
DA:234,1
DA:235,1
DA:259,0
FN:259,DSCEngine.liquidate
FNDA:0,DSCEngine.liquidate
DA:265,0
DA:266,0
BRDA:266,5,0,-
DA:267,0
DA:275,0
DA:284,0
DA:286,0
DA:288,0
DA:295,0
DA:297,0
DA:298,0
BRDA:298,6,0,-
DA:299,0
DA:301,0
DA:304,0
FN:304,DSCEngine.getHealthFactor
FNDA:0,DSCEngine.getHealthFactor
DA:305,0
DA:316,1
FN:316,DSCEngine._burnDsc
FNDA:1,DSCEngine._burnDsc
DA:321,1
DA:322,1
DA:328,1
BRDA:328,7,0,-
DA:329,0
DA:331,1
DA:334,1
FN:334,DSCEngine._redeemCollateral
FNDA:1,DSCEngine._redeemCollateral
DA:340,1
DA:341,1
DA:347,1
DA:351,1
BRDA:351,8,0,-
DA:352,0
DA:356,17
FN:356,DSCEngine._getAccountInformation
FNDA:17,DSCEngine._getAccountInformation
DA:363,17
DA:364,17
DA:371,6
FN:371,DSCEngine._healthFactor
FNDA:6,DSCEngine._healthFactor
DA:374,6
DA:377,6
DA:379,6
DA:382,6
BRDA:382,9,0,1
DA:384,1
DA:388,5
DA:393,6
FN:393,DSCEngine._revertIfHealthFactorIsBroken
FNDA:6,DSCEngine._revertIfHealthFactorIsBroken
DA:394,6
DA:395,6
BRDA:395,10,0,1
DA:396,1
DA:403,4
FN:403,DSCEngine.getTokenAmountFromUsd
FNDA:4,DSCEngine.getTokenAmountFromUsd
DA:410,4
DA:413,4
DA:415,4
DA:416,4
DA:420,1
FN:420,DSCEngine.getAccountCollateralValue
FNDA:1,DSCEngine.getAccountCollateralValue
DA:425,18
DA:426,36
DA:427,36
DA:428,36
DA:430,0
DA:433,1
FN:433,DSCEngine.getUsdValue
FNDA:1,DSCEngine.getUsdValue
DA:437,37
DA:440,37
DA:443,37
DA:444,37
DA:447,11
FN:447,DSCEngine.getAccountInformation
FNDA:11,DSCEngine.getAccountInformation
DA:454,11
FNF:20
FNH:15
LF:96
LH:67
BRF:11
BRH:4
end_of_record
TN:
SF:src/DecentralizedStableCoin.sol
DA:48,1
FN:48,DecentralizedStableCoin.burn
FNDA:1,DecentralizedStableCoin.burn
DA:49,1
DA:50,1
BRDA:50,0,0,-
DA:51,0
DA:53,1
BRDA:53,1,0,-
DA:54,0
DA:56,1
DA:59,3
FN:59,DecentralizedStableCoin.mint
FNDA:3,DecentralizedStableCoin.mint
DA:63,3
BRDA:63,2,0,-
DA:64,0
DA:66,3
BRDA:66,3,0,-
DA:67,0
DA:69,3
DA:70,3
FNF:2
FNH:2
LF:14
LH:10
BRF:4
BRH:0
end_of_record
TN:
SF:test/mocks/MockV3Aggregator.sol
DA:24,30
FN:24,MockV3Aggregator.constructor
FNDA:30,MockV3Aggregator.constructor
DA:25,30
DA:26,30
DA:29,30
FN:29,MockV3Aggregator.updateAnswer
FNDA:30,MockV3Aggregator.updateAnswer
DA:30,30
DA:31,30
DA:32,30
DA:33,30
DA:34,30
DA:35,30
DA:38,0
FN:38,MockV3Aggregator.updateRoundData
FNDA:0,MockV3Aggregator.updateRoundData
DA:44,0
DA:45,0
DA:46,0
DA:47,0
DA:48,0
DA:49,0
DA:52,0
FN:52,MockV3Aggregator.getRoundData
FNDA:0,MockV3Aggregator.getRoundData
DA:65,0
DA:74,41
FN:74,MockV3Aggregator.latestRoundData
FNDA:41,MockV3Aggregator.latestRoundData
DA:85,41
DA:94,0
FN:94,MockV3Aggregator.description
FNDA:0,MockV3Aggregator.description
DA:95,0
FNF:6
FNH:3
LF:23
LH:12
BRF:0
BRH:0
end_of_record
